# JRE version: OpenJDK Runtime Environment Temurin-21.0.8+9 (21.0.8+9) (build 21.0.8+9-LTS)
# Java VM: OpenJDK 64-Bit Server VM Temurin-21.0.8+9 (21.0.8+9-LTS, mixed mode, sharing, tiered, compressed oops, compressed class ptrs, parallel gc, windows-amd64)
GC Precious Log:
 CardTable entry size: 512
 CPUs: 8 total, 8 available
 Memory: 7914M
 Large Page Support: Disabled
 NUMA Support: Disabled
 Compressed Oops: Enabled (32-bit)
 Alignments: Space 512K, Generation 512K, Heap 2M
 Heap Min Capacity: 100M
 Heap Initial Capacity: 100M
 Heap Max Capacity: 2G
 Pre-touch: Disabled
 Parallel Workers: 8
Heap:
 PSYoungGen      total 20480K, used 19877K [0x00000000d5580000, 0x00000000d6c00000, 0x0000000100000000)
  eden space 18944K, 96% used [0x00000000d5580000,0x00000000d6769660,0x00000000d6800000)
  from space 1536K, 100% used [0x00000000d6900000,0x00000000d6a80000,0x00000000d6a80000)
  to   space 1536K, 0% used [0x00000000d6a80000,0x00000000d6a80000,0x00000000d6c00000)
 ParOldGen       total 71680K, used 71448K [0x0000000080000000, 0x0000000084600000, 0x00000000d5580000)
  object space 71680K, 99% used [0x0000000080000000,0x00000000845c61f0,0x0000000084600000)
 Metaspace       used 65689K, committed 67072K, reserved 1114112K
  class space    used 7063K, committed 7616K, reserved 1048576K
GC Heap History (20 events):
Event: 45.333 GC heap before
{Heap before GC invocations=71 (full 3):
 PSYoungGen      total 19456K, used 19360K [0x00000000d5580000, 0x00000000d6a00000, 0x0000000100000000)
  eden space 18944K, 100% used [0x00000000d5580000,0x00000000d6800000,0x00000000d6800000)
  from space 512K, 81% used [0x00000000d6900000,0x00000000d6968000,0x00000000d6980000)
  to   space 512K, 0% used [0x00000000d6980000,0x00000000d6980000,0x00000000d6a00000)
 ParOldGen       total 68608K, used 61814K [0x0000000080000000, 0x0000000084300000, 0x00000000d5580000)
  object space 68608K, 90% used [0x0000000080000000,0x0000000083c5d9e0,0x0000000084300000)
 Metaspace       used 59478K, committed 60800K, reserved 1114112K
  class space    used 6509K, committed 7104K, reserved 1048576K
}
Event: 45.334 GC heap after
{Heap after GC invocations=71 (full 3):
 PSYoungGen      total 19456K, used 384K [0x00000000d5580000, 0x00000000d6a00000, 0x0000000100000000)
  eden space 18944K, 0% used [0x00000000d5580000,0x00000000d5580000,0x00000000d6800000)
  from space 512K, 75% used [0x00000000d6980000,0x00000000d69e0000,0x00000000d6a00000)
  to   space 512K, 0% used [0x00000000d6900000,0x00000000d6900000,0x00000000d6980000)
 ParOldGen       total 68608K, used 62038K [0x0000000080000000, 0x0000000084300000, 0x00000000d5580000)
  object space 68608K, 90% used [0x0000000080000000,0x0000000083c959e0,0x0000000084300000)
 Metaspace       used 59478K, committed 60800K, reserved 1114112K
  class space    used 6509K, committed 7104K, reserved 1048576K
}
Event: 45.385 GC heap before
{Heap before GC invocations=72 (full 3):
 PSYoungGen      total 19456K, used 19328K [0x00000000d5580000, 0x00000000d6a00000, 0x0000000100000000)
  eden space 18944K, 100% used [0x00000000d5580000,0x00000000d6800000,0x00000000d6800000)
  from space 512K, 75% used [0x00000000d6980000,0x00000000d69e0000,0x00000000d6a00000)
  to   space 512K, 0% used [0x00000000d6900000,0x00000000d6900000,0x00000000d6980000)
 ParOldGen       total 68608K, used 62038K [0x0000000080000000, 0x0000000084300000, 0x00000000d5580000)
  object space 68608K, 90% used [0x0000000080000000,0x0000000083c959e0,0x0000000084300000)
 Metaspace       used 59479K, committed 60800K, reserved 1114112K
  class space    used 6509K, committed 7104K, reserved 1048576K
}
Event: 45.387 GC heap after
{Heap after GC invocations=72 (full 3):
 PSYoungGen      total 19456K, used 432K [0x00000000d5580000, 0x00000000d6a00000, 0x0000000100000000)
  eden space 18944K, 0% used [0x00000000d5580000,0x00000000d5580000,0x00000000d6800000)
  from space 512K, 84% used [0x00000000d6900000,0x00000000d696c010,0x00000000d6980000)
  to   space 512K, 0% used [0x00000000d6980000,0x00000000d6980000,0x00000000d6a00000)
 ParOldGen       total 68608K, used 63094K [0x0000000080000000, 0x0000000084300000, 0x00000000d5580000)
  object space 68608K, 91% used [0x0000000080000000,0x0000000083d9d9e0,0x0000000084300000)
 Metaspace       used 59479K, committed 60800K, reserved 1114112K
  class space    used 6509K, committed 7104K, reserved 1048576K
}
Event: 45.652 GC heap before
{Heap before GC invocations=73 (full 3):
 PSYoungGen      total 19456K, used 19358K [0x00000000d5580000, 0x00000000d6a00000, 0x0000000100000000)
  eden space 18944K, 99% used [0x00000000d5580000,0x00000000d67fba30,0x00000000d6800000)
  from space 512K, 84% used [0x00000000d6900000,0x00000000d696c010,0x00000000d6980000)
  to   space 512K, 0% used [0x00000000d6980000,0x00000000d6980000,0x00000000d6a00000)
 ParOldGen       total 68608K, used 63094K [0x0000000080000000, 0x0000000084300000, 0x00000000d5580000)
  object space 68608K, 91% used [0x0000000080000000,0x0000000083d9d9e0,0x0000000084300000)
 Metaspace       used 60269K, committed 61632K, reserved 1114112K
  class space    used 6600K, committed 7168K, reserved 1048576K
}
Event: 45.656 GC heap after
{Heap after GC invocations=73 (full 3):
 PSYoungGen      total 19456K, used 512K [0x00000000d5580000, 0x00000000d6b00000, 0x0000000100000000)
  eden space 18944K, 0% used [0x00000000d5580000,0x00000000d5580000,0x00000000d6800000)
  from space 512K, 100% used [0x00000000d6980000,0x00000000d6a00000,0x00000000d6a00000)
  to   space 1536K, 0% used [0x00000000d6800000,0x00000000d6800000,0x00000000d6980000)
 ParOldGen       total 68608K, used 63702K [0x0000000080000000, 0x0000000084300000, 0x00000000d5580000)
  object space 68608K, 92% used [0x0000000080000000,0x0000000083e35a00,0x0000000084300000)
 Metaspace       used 60269K, committed 61632K, reserved 1114112K
  class space    used 6600K, committed 7168K, reserved 1048576K
}
Event: 46.111 GC heap before
{Heap before GC invocations=74 (full 3):
 PSYoungGen      total 19456K, used 19283K [0x00000000d5580000, 0x00000000d6b00000, 0x0000000100000000)
  eden space 18944K, 99% used [0x00000000d5580000,0x00000000d67d4f10,0x00000000d6800000)
  from space 512K, 100% used [0x00000000d6980000,0x00000000d6a00000,0x00000000d6a00000)
  to   space 1536K, 0% used [0x00000000d6800000,0x00000000d6800000,0x00000000d6980000)
 ParOldGen       total 68608K, used 63702K [0x0000000080000000, 0x0000000084300000, 0x00000000d5580000)
  object space 68608K, 92% used [0x0000000080000000,0x0000000083e35a00,0x0000000084300000)
 Metaspace       used 60985K, committed 62400K, reserved 1114112K
  class space    used 6679K, committed 7296K, reserved 1048576K
}
Event: 46.116 GC heap after
{Heap after GC invocations=74 (full 3):
 PSYoungGen      total 20480K, used 1532K [0x00000000d5580000, 0x00000000d6f00000, 0x0000000100000000)
  eden space 18944K, 0% used [0x00000000d5580000,0x00000000d5580000,0x00000000d6800000)
  from space 1536K, 99% used [0x00000000d6800000,0x00000000d697f168,0x00000000d6980000)
  to   space 3584K, 0% used [0x00000000d6b80000,0x00000000d6b80000,0x00000000d6f00000)
 ParOldGen       total 68608K, used 65205K [0x0000000080000000, 0x0000000084300000, 0x00000000d5580000)
  object space 68608K, 95% used [0x0000000080000000,0x0000000083fad5d8,0x0000000084300000)
 Metaspace       used 60985K, committed 62400K, reserved 1114112K
  class space    used 6679K, committed 7296K, reserved 1048576K
}
Event: 46.445 GC heap before
{Heap before GC invocations=75 (full 3):
 PSYoungGen      total 20480K, used 20476K [0x00000000d5580000, 0x00000000d6f00000, 0x0000000100000000)
  eden space 18944K, 100% used [0x00000000d5580000,0x00000000d6800000,0x00000000d6800000)
  from space 1536K, 99% used [0x00000000d6800000,0x00000000d697f168,0x00000000d6980000)
  to   space 3584K, 0% used [0x00000000d6b80000,0x00000000d6b80000,0x00000000d6f00000)
 ParOldGen       total 68608K, used 65205K [0x0000000080000000, 0x0000000084300000, 0x00000000d5580000)
  object space 68608K, 95% used [0x0000000080000000,0x0000000083fad5d8,0x0000000084300000)
 Metaspace       used 61463K, committed 62848K, reserved 1114112K
  class space    used 6693K, committed 7296K, reserved 1048576K
}
Event: 46.448 GC heap after
{Heap after GC invocations=75 (full 3):
 PSYoungGen      total 19968K, used 681K [0x00000000d5580000, 0x00000000d6c80000, 0x0000000100000000)
  eden space 18944K, 0% used [0x00000000d5580000,0x00000000d5580000,0x00000000d6800000)
  from space 1024K, 66% used [0x00000000d6b80000,0x00000000d6c2a798,0x00000000d6c80000)
  to   space 1536K, 0% used [0x00000000d6980000,0x00000000d6980000,0x00000000d6b00000)
 ParOldGen       total 68608K, used 66759K [0x0000000080000000, 0x0000000084300000, 0x00000000d5580000)
  object space 68608K, 97% used [0x0000000080000000,0x0000000084131cf0,0x0000000084300000)
 Metaspace       used 61463K, committed 62848K, reserved 1114112K
  class space    used 6693K, committed 7296K, reserved 1048576K
}
Event: 46.961 GC heap before
{Heap before GC invocations=76 (full 3):
 PSYoungGen      total 19968K, used 19572K [0x00000000d5580000, 0x00000000d6c80000, 0x0000000100000000)
  eden space 18944K, 99% used [0x00000000d5580000,0x00000000d67f2868,0x00000000d6800000)
  from space 1024K, 66% used [0x00000000d6b80000,0x00000000d6c2a798,0x00000000d6c80000)
  to   space 1536K, 0% used [0x00000000d6980000,0x00000000d6980000,0x00000000d6b00000)
 ParOldGen       total 68608K, used 66759K [0x0000000080000000, 0x0000000084300000, 0x00000000d5580000)
  object space 68608K, 97% used [0x0000000080000000,0x0000000084131cf0,0x0000000084300000)
 Metaspace       used 62862K, committed 64256K, reserved 1114112K
  class space    used 6821K, committed 7424K, reserved 1048576K
}
Event: 46.963 GC heap after
{Heap after GC invocations=76 (full 3):
 PSYoungGen      total 20480K, used 411K [0x00000000d5580000, 0x00000000d6c00000, 0x0000000100000000)
  eden space 18944K, 0% used [0x00000000d5580000,0x00000000d5580000,0x00000000d6800000)
  from space 1536K, 26% used [0x00000000d6980000,0x00000000d69e6fc8,0x00000000d6b00000)
  to   space 1024K, 0% used [0x00000000d6b00000,0x00000000d6b00000,0x00000000d6c00000)
 ParOldGen       total 68608K, used 66888K [0x0000000080000000, 0x0000000084300000, 0x00000000d5580000)
  object space 68608K, 97% used [0x0000000080000000,0x0000000084152160,0x0000000084300000)
 Metaspace       used 62862K, committed 64256K, reserved 1114112K
  class space    used 6821K, committed 7424K, reserved 1048576K
}
Event: 51.656 GC heap before
{Heap before GC invocations=77 (full 3):
 PSYoungGen      total 20480K, used 19355K [0x00000000d5580000, 0x00000000d6c00000, 0x0000000100000000)
  eden space 18944K, 100% used [0x00000000d5580000,0x00000000d6800000,0x00000000d6800000)
  from space 1536K, 26% used [0x00000000d6980000,0x00000000d69e6fc8,0x00000000d6b00000)
  to   space 1024K, 0% used [0x00000000d6b00000,0x00000000d6b00000,0x00000000d6c00000)
 ParOldGen       total 68608K, used 66888K [0x0000000080000000, 0x0000000084300000, 0x00000000d5580000)
  object space 68608K, 97% used [0x0000000080000000,0x0000000084152160,0x0000000084300000)
 Metaspace       used 64713K, committed 66048K, reserved 1114112K
  class space    used 6996K, committed 7552K, reserved 1048576K
}
Event: 51.659 GC heap after
{Heap after GC invocations=77 (full 3):
 PSYoungGen      total 19968K, used 1008K [0x00000000d5580000, 0x00000000d6c00000, 0x0000000100000000)
  eden space 18944K, 0% used [0x00000000d5580000,0x00000000d5580000,0x00000000d6800000)
  from space 1024K, 98% used [0x00000000d6b00000,0x00000000d6bfc010,0x00000000d6c00000)
  to   space 2048K, 0% used [0x00000000d6800000,0x00000000d6800000,0x00000000d6a00000)
 ParOldGen       total 68608K, used 67284K [0x0000000080000000, 0x0000000084300000, 0x00000000d5580000)
  object space 68608K, 98% used [0x0000000080000000,0x00000000841b5170,0x0000000084300000)
 Metaspace       used 64713K, committed 66048K, reserved 1114112K
  class space    used 6996K, committed 7552K, reserved 1048576K
}
Event: 52.352 GC heap before
{Heap before GC invocations=78 (full 3):
 PSYoungGen      total 19968K, used 19952K [0x00000000d5580000, 0x00000000d6c00000, 0x0000000100000000)
  eden space 18944K, 100% used [0x00000000d5580000,0x00000000d6800000,0x00000000d6800000)
  from space 1024K, 98% used [0x00000000d6b00000,0x00000000d6bfc010,0x00000000d6c00000)
  to   space 2048K, 0% used [0x00000000d6800000,0x00000000d6800000,0x00000000d6a00000)
 ParOldGen       total 68608K, used 67284K [0x0000000080000000, 0x0000000084300000, 0x00000000d5580000)
  object space 68608K, 98% used [0x0000000080000000,0x00000000841b5170,0x0000000084300000)
 Metaspace       used 65056K, committed 66432K, reserved 1114112K
  class space    used 7015K, committed 7616K, reserved 1048576K
}
Event: 52.357 GC heap after
{Heap after GC invocations=78 (full 3):
 PSYoungGen      total 20992K, used 2048K [0x00000000d5580000, 0x00000000d6f00000, 0x0000000100000000)
  eden space 18944K, 0% used [0x00000000d5580000,0x00000000d5580000,0x00000000d6800000)
  from space 2048K, 100% used [0x00000000d6800000,0x00000000d6a00000,0x00000000d6a00000)
  to   space 3584K, 0% used [0x00000000d6b80000,0x00000000d6b80000,0x00000000d6f00000)
 ParOldGen       total 68608K, used 68344K [0x0000000080000000, 0x0000000084300000, 0x00000000d5580000)
  object space 68608K, 99% used [0x0000000080000000,0x00000000842be1e0,0x0000000084300000)
 Metaspace       used 65056K, committed 66432K, reserved 1114112K
  class space    used 7015K, committed 7616K, reserved 1048576K
}
Event: 53.612 GC heap before
{Heap before GC invocations=79 (full 3):
 PSYoungGen      total 20992K, used 20992K [0x00000000d5580000, 0x00000000d6f00000, 0x0000000100000000)
  eden space 18944K, 100% used [0x00000000d5580000,0x00000000d6800000,0x00000000d6800000)
  from space 2048K, 100% used [0x00000000d6800000,0x00000000d6a00000,0x00000000d6a00000)
  to   space 3584K, 0% used [0x00000000d6b80000,0x00000000d6b80000,0x00000000d6f00000)
 ParOldGen       total 68608K, used 68344K [0x0000000080000000, 0x0000000084300000, 0x00000000d5580000)
  object space 68608K, 99% used [0x0000000080000000,0x00000000842be1e0,0x0000000084300000)
 Metaspace       used 65237K, committed 66624K, reserved 1114112K
  class space    used 7015K, committed 7616K, reserved 1048576K
}
Event: 53.615 GC heap after
{Heap after GC invocations=79 (full 3):
 PSYoungGen      total 20480K, used 1280K [0x00000000d5580000, 0x00000000d6d00000, 0x0000000100000000)
  eden space 18944K, 0% used [0x00000000d5580000,0x00000000d5580000,0x00000000d6800000)
  from space 1536K, 83% used [0x00000000d6b80000,0x00000000d6cc0000,0x00000000d6d00000)
  to   space 2048K, 0% used [0x00000000d6900000,0x00000000d6900000,0x00000000d6b00000)
 ParOldGen       total 70656K, used 70336K [0x0000000080000000, 0x0000000084500000, 0x00000000d5580000)
  object space 70656K, 99% used [0x0000000080000000,0x00000000844b01f0,0x0000000084500000)
 Metaspace       used 65237K, committed 66624K, reserved 1114112K
  class space    used 7015K, committed 7616K, reserved 1048576K
}
Event: 54.381 GC heap before
{Heap before GC invocations=80 (full 3):
 PSYoungGen      total 20480K, used 20224K [0x00000000d5580000, 0x00000000d6d00000, 0x0000000100000000)
  eden space 18944K, 100% used [0x00000000d5580000,0x00000000d6800000,0x00000000d6800000)
  from space 1536K, 83% used [0x00000000d6b80000,0x00000000d6cc0000,0x00000000d6d00000)
  to   space 2048K, 0% used [0x00000000d6900000,0x00000000d6900000,0x00000000d6b00000)
 ParOldGen       total 70656K, used 70336K [0x0000000080000000, 0x0000000084500000, 0x00000000d5580000)
  object space 70656K, 99% used [0x0000000080000000,0x00000000844b01f0,0x0000000084500000)
 Metaspace       used 65593K, committed 66880K, reserved 1114112K
  class space    used 7063K, committed 7616K, reserved 1048576K
}
Event: 54.384 GC heap after
{Heap after GC invocations=80 (full 3):
 PSYoungGen      total 20480K, used 1536K [0x00000000d5580000, 0x00000000d6c00000, 0x0000000100000000)
  eden space 18944K, 0% used [0x00000000d5580000,0x00000000d5580000,0x00000000d6800000)
  from space 1536K, 100% used [0x00000000d6900000,0x00000000d6a80000,0x00000000d6a80000)
  to   space 1536K, 0% used [0x00000000d6a80000,0x00000000d6a80000,0x00000000d6c00000)
 ParOldGen       total 71680K, used 71448K [0x0000000080000000, 0x0000000084600000, 0x00000000d5580000)
  object space 71680K, 99% used [0x0000000080000000,0x00000000845c61f0,0x0000000084600000)
 Metaspace       used 65593K, committed 66880K, reserved 1114112K
  class space    used 7063K, committed 7616K, reserved 1048576K
}

