# JRE version: Java(TM) SE Runtime Environment (17.0.10+11) (build 17.0.10+11-LTS-240)
# Java VM: Java HotSpot(TM) 64-Bit Server VM (17.0.10+11-LTS-240, mixed mode, sharing, tiered, compressed oops, compressed class ptrs, g1 gc, windows-amd64)
GC Precious Log:
 CPUs: 8 total, 8 available
 Memory: 7914M
 Large Page Support: Disabled
 NUMA Support: Disabled
 Compressed Oops: Enabled (32-bit)
 Heap Region Size: 1M
 Heap Min Capacity: 8M
 Heap Initial Capacity: 124M
 Heap Max Capacity: 1980M
 Pre-touch: Disabled
 Parallel Workers: 8
 Concurrent Workers: 2
 Concurrent Refinement Workers: 8
 Periodic GC: Disabled
Heap:
 garbage-first heap   total 75776K, used 53401K [0x0000000084400000, 0x0000000100000000)
  region size 1024K, 23 young (23552K), 2 survivors (2048K)
 Metaspace       used 77926K, committed 78528K, reserved 1179648K
  class space    used 10448K, committed 10752K, reserved 1048576K
GC Heap History (20 events):
Event: 3.957 GC heap before
{Heap before GC invocations=6 (full 0):
 garbage-first heap   total 58368K, used 41085K [0x0000000084400000, 0x0000000100000000)
  region size 1024K, 24 young (24576K), 1 survivors (1024K)
 Metaspace       used 29955K, committed 30336K, reserved 1114112K
  class space    used 3861K, committed 4032K, reserved 1048576K
}
Event: 3.966 GC heap after
{Heap after GC invocations=7 (full 0):
 garbage-first heap   total 58368K, used 19033K [0x0000000084400000, 0x0000000100000000)
  region size 1024K, 3 young (3072K), 3 survivors (3072K)
 Metaspace       used 29955K, committed 30336K, reserved 1114112K
  class space    used 3861K, committed 4032K, reserved 1048576K
}
Event: 5.014 GC heap before
{Heap before GC invocations=7 (full 0):
 garbage-first heap   total 58368K, used 40537K [0x0000000084400000, 0x0000000100000000)
  region size 1024K, 25 young (25600K), 3 survivors (3072K)
 Metaspace       used 35263K, committed 35648K, reserved 1114112K
  class space    used 4561K, committed 4736K, reserved 1048576K
}
Event: 5.019 GC heap after
{Heap after GC invocations=8 (full 0):
 garbage-first heap   total 104448K, used 21024K [0x0000000084400000, 0x0000000100000000)
  region size 1024K, 4 young (4096K), 4 survivors (4096K)
 Metaspace       used 35263K, committed 35648K, reserved 1114112K
  class space    used 4561K, committed 4736K, reserved 1048576K
}
Event: 5.077 GC heap before
{Heap before GC invocations=8 (full 0):
 garbage-first heap   total 104448K, used 22048K [0x0000000084400000, 0x0000000100000000)
  region size 1024K, 6 young (6144K), 4 survivors (4096K)
 Metaspace       used 35604K, committed 35968K, reserved 1114112K
  class space    used 4624K, committed 4800K, reserved 1048576K
}
Event: 5.081 GC heap after
{Heap after GC invocations=9 (full 0):
 garbage-first heap   total 104448K, used 21151K [0x0000000084400000, 0x0000000100000000)
  region size 1024K, 4 young (4096K), 4 survivors (4096K)
 Metaspace       used 35604K, committed 35968K, reserved 1114112K
  class space    used 4624K, committed 4800K, reserved 1048576K
}
Event: 6.700 GC heap before
{Heap before GC invocations=10 (full 0):
 garbage-first heap   total 75776K, used 62111K [0x0000000084400000, 0x0000000100000000)
  region size 1024K, 44 young (45056K), 4 survivors (4096K)
 Metaspace       used 48440K, committed 48960K, reserved 1114112K
  class space    used 6314K, committed 6528K, reserved 1048576K
}
Event: 6.706 GC heap after
{Heap after GC invocations=11 (full 0):
 garbage-first heap   total 75776K, used 24098K [0x0000000084400000, 0x0000000100000000)
  region size 1024K, 5 young (5120K), 5 survivors (5120K)
 Metaspace       used 48440K, committed 48960K, reserved 1114112K
  class space    used 6314K, committed 6528K, reserved 1048576K
}
Event: 7.335 GC heap before
{Heap before GC invocations=11 (full 0):
 garbage-first heap   total 75776K, used 56866K [0x0000000084400000, 0x0000000100000000)
  region size 1024K, 38 young (38912K), 5 survivors (5120K)
 Metaspace       used 56704K, committed 57280K, reserved 1114112K
  class space    used 7562K, committed 7872K, reserved 1048576K
}
Event: 7.340 GC heap after
{Heap after GC invocations=12 (full 0):
 garbage-first heap   total 75776K, used 25343K [0x0000000084400000, 0x0000000100000000)
  region size 1024K, 2 young (2048K), 2 survivors (2048K)
 Metaspace       used 56704K, committed 57280K, reserved 1114112K
  class space    used 7562K, committed 7872K, reserved 1048576K
}
Event: 7.560 GC heap before
{Heap before GC invocations=12 (full 0):
 garbage-first heap   total 75776K, used 35583K [0x0000000084400000, 0x0000000100000000)
  region size 1024K, 13 young (13312K), 2 survivors (2048K)
 Metaspace       used 59529K, committed 60096K, reserved 1114112K
  class space    used 8002K, committed 8320K, reserved 1048576K
}
Event: 7.562 GC heap after
{Heap after GC invocations=13 (full 0):
 garbage-first heap   total 75776K, used 25526K [0x0000000084400000, 0x0000000100000000)
  region size 1024K, 2 young (2048K), 2 survivors (2048K)
 Metaspace       used 59529K, committed 60096K, reserved 1114112K
  class space    used 8002K, committed 8320K, reserved 1048576K
}
Event: 8.511 GC heap before
{Heap before GC invocations=14 (full 0):
 garbage-first heap   total 75776K, used 59318K [0x0000000084400000, 0x0000000100000000)
  region size 1024K, 35 young (35840K), 2 survivors (2048K)
 Metaspace       used 63732K, committed 64320K, reserved 1114112K
  class space    used 8618K, committed 8896K, reserved 1048576K
}
Event: 8.515 GC heap after
{Heap after GC invocations=15 (full 0):
 garbage-first heap   total 75776K, used 27995K [0x0000000084400000, 0x0000000100000000)
  region size 1024K, 5 young (5120K), 5 survivors (5120K)
 Metaspace       used 63732K, committed 64320K, reserved 1114112K
  class space    used 8618K, committed 8896K, reserved 1048576K
}
Event: 9.184 GC heap before
{Heap before GC invocations=15 (full 0):
 garbage-first heap   total 75776K, used 58715K [0x0000000084400000, 0x0000000100000000)
  region size 1024K, 35 young (35840K), 5 survivors (5120K)
 Metaspace       used 66274K, committed 66880K, reserved 1114112K
  class space    used 8931K, committed 9216K, reserved 1048576K
}
Event: 9.191 GC heap after
{Heap after GC invocations=16 (full 0):
 garbage-first heap   total 75776K, used 30069K [0x0000000084400000, 0x0000000100000000)
  region size 1024K, 5 young (5120K), 5 survivors (5120K)
 Metaspace       used 66274K, committed 66880K, reserved 1114112K
  class space    used 8931K, committed 9216K, reserved 1048576K
}
Event: 9.859 GC heap before
{Heap before GC invocations=16 (full 0):
 garbage-first heap   total 75776K, used 59765K [0x0000000084400000, 0x0000000100000000)
  region size 1024K, 34 young (34816K), 5 survivors (5120K)
 Metaspace       used 68581K, committed 69184K, reserved 1114112K
  class space    used 9259K, committed 9536K, reserved 1048576K
}
Event: 9.866 GC heap after
{Heap after GC invocations=17 (full 0):
 garbage-first heap   total 75776K, used 32243K [0x0000000084400000, 0x0000000100000000)
  region size 1024K, 5 young (5120K), 5 survivors (5120K)
 Metaspace       used 68581K, committed 69184K, reserved 1114112K
  class space    used 9259K, committed 9536K, reserved 1048576K
}
Event: 17.107 GC heap before
{Heap before GC invocations=17 (full 0):
 garbage-first heap   total 75776K, used 58867K [0x0000000084400000, 0x0000000100000000)
  region size 1024K, 32 young (32768K), 5 survivors (5120K)
 Metaspace       used 74685K, committed 75328K, reserved 1114112K
  class space    used 10118K, committed 10432K, reserved 1048576K
}
Event: 17.118 GC heap after
{Heap after GC invocations=18 (full 0):
 garbage-first heap   total 75776K, used 33945K [0x0000000084400000, 0x0000000100000000)
  region size 1024K, 2 young (2048K), 2 survivors (2048K)
 Metaspace       used 74685K, committed 75328K, reserved 1114112K
  class space    used 10118K, committed 10432K, reserved 1048576K
}

