# JRE version: OpenJDK Runtime Environment Temurin-21.0.8+9 (21.0.8+9) (build 21.0.8+9-LTS)
# Java VM: OpenJDK 64-Bit Server VM Temurin-21.0.8+9 (21.0.8+9-LTS, mixed mode, sharing, tiered, compressed oops, compressed class ptrs, parallel gc, windows-amd64)
GC Precious Log:
 CardTable entry size: 512
 CPUs: 8 total, 8 available
 Memory: 7914M
 Large Page Support: Disabled
 NUMA Support: Disabled
 Compressed Oops: Enabled (32-bit)
 Alignments: Space 512K, Generation 512K, Heap 2M
 Heap Min Capacity: 100M
 Heap Initial Capacity: 100M
 Heap Max Capacity: 2G
 Pre-touch: Disabled
 Parallel Workers: 8
Heap:
 PSYoungGen      total 21504K, used 512K [0x00000000d5580000, 0x00000000d6d00000, 0x0000000100000000)
  eden space 20992K, 0% used [0x00000000d5580000,0x00000000d5580000,0x00000000d6a00000)
  from space 512K, 100% used [0x00000000d6c00000,0x00000000d6c80000,0x00000000d6c80000)
  to   space 512K, 0% used [0x00000000d6c80000,0x00000000d6c80000,0x00000000d6d00000)
 ParOldGen       total 76800K, used 68156K [0x0000000080000000, 0x0000000084b00000, 0x00000000d5580000)
  object space 76800K, 88% used [0x0000000080000000,0x000000008428f3d0,0x0000000084b00000)
 Metaspace       used 59502K, committed 60992K, reserved 1114112K
  class space    used 6350K, committed 6976K, reserved 1048576K
GC Heap History (20 events):
Event: 46.184 GC heap after
{Heap after GC invocations=66 (full 2):
 PSYoungGen      total 22016K, used 480K [0x00000000d5580000, 0x00000000d6c00000, 0x0000000100000000)
  eden space 21504K, 0% used [0x00000000d5580000,0x00000000d5580000,0x00000000d6a80000)
  from space 512K, 93% used [0x00000000d6b80000,0x00000000d6bf8000,0x00000000d6c00000)
  to   space 512K, 0% used [0x00000000d6b00000,0x00000000d6b00000,0x00000000d6b80000)
 ParOldGen       total 68608K, used 67575K [0x0000000080000000, 0x0000000084300000, 0x00000000d5580000)
  object space 68608K, 98% used [0x0000000080000000,0x00000000841fdec0,0x0000000084300000)
 Metaspace       used 55321K, committed 56768K, reserved 1114112K
  class space    used 5948K, committed 6592K, reserved 1048576K
}
Event: 46.317 GC heap before
{Heap before GC invocations=67 (full 2):
 PSYoungGen      total 22016K, used 21984K [0x00000000d5580000, 0x00000000d6c00000, 0x0000000100000000)
  eden space 21504K, 100% used [0x00000000d5580000,0x00000000d6a80000,0x00000000d6a80000)
  from space 512K, 93% used [0x00000000d6b80000,0x00000000d6bf8000,0x00000000d6c00000)
  to   space 512K, 0% used [0x00000000d6b00000,0x00000000d6b00000,0x00000000d6b80000)
 ParOldGen       total 68608K, used 67575K [0x0000000080000000, 0x0000000084300000, 0x00000000d5580000)
  object space 68608K, 98% used [0x0000000080000000,0x00000000841fdec0,0x0000000084300000)
 Metaspace       used 55321K, committed 56768K, reserved 1114112K
  class space    used 5948K, committed 6592K, reserved 1048576K
}
Event: 46.320 GC heap after
{Heap after GC invocations=67 (full 2):
 PSYoungGen      total 22016K, used 512K [0x00000000d5580000, 0x00000000d6c80000, 0x0000000100000000)
  eden space 21504K, 0% used [0x00000000d5580000,0x00000000d5580000,0x00000000d6a80000)
  from space 512K, 100% used [0x00000000d6b00000,0x00000000d6b80000,0x00000000d6b80000)
  to   space 1024K, 0% used [0x00000000d6b80000,0x00000000d6b80000,0x00000000d6c80000)
 ParOldGen       total 68608K, used 67839K [0x0000000080000000, 0x0000000084300000, 0x00000000d5580000)
  object space 68608K, 98% used [0x0000000080000000,0x000000008423fec0,0x0000000084300000)
 Metaspace       used 55321K, committed 56768K, reserved 1114112K
  class space    used 5948K, committed 6592K, reserved 1048576K
}
Event: 46.478 GC heap before
{Heap before GC invocations=68 (full 2):
 PSYoungGen      total 22016K, used 22016K [0x00000000d5580000, 0x00000000d6c80000, 0x0000000100000000)
  eden space 21504K, 100% used [0x00000000d5580000,0x00000000d6a80000,0x00000000d6a80000)
  from space 512K, 100% used [0x00000000d6b00000,0x00000000d6b80000,0x00000000d6b80000)
  to   space 1024K, 0% used [0x00000000d6b80000,0x00000000d6b80000,0x00000000d6c80000)
 ParOldGen       total 68608K, used 67839K [0x0000000080000000, 0x0000000084300000, 0x00000000d5580000)
  object space 68608K, 98% used [0x0000000080000000,0x000000008423fec0,0x0000000084300000)
 Metaspace       used 55329K, committed 56768K, reserved 1114112K
  class space    used 5948K, committed 6592K, reserved 1048576K
}
Event: 46.480 GC heap after
{Heap after GC invocations=68 (full 2):
 PSYoungGen      total 22016K, used 416K [0x00000000d5580000, 0x00000000d6c00000, 0x0000000100000000)
  eden space 21504K, 0% used [0x00000000d5580000,0x00000000d5580000,0x00000000d6a80000)
  from space 512K, 81% used [0x00000000d6b80000,0x00000000d6be8000,0x00000000d6c00000)
  to   space 512K, 0% used [0x00000000d6b00000,0x00000000d6b00000,0x00000000d6b80000)
 ParOldGen       total 68608K, used 68135K [0x0000000080000000, 0x0000000084300000, 0x00000000d5580000)
  object space 68608K, 99% used [0x0000000080000000,0x0000000084289ec0,0x0000000084300000)
 Metaspace       used 55329K, committed 56768K, reserved 1114112K
  class space    used 5948K, committed 6592K, reserved 1048576K
}
Event: 46.609 GC heap before
{Heap before GC invocations=69 (full 2):
 PSYoungGen      total 22016K, used 21920K [0x00000000d5580000, 0x00000000d6c00000, 0x0000000100000000)
  eden space 21504K, 100% used [0x00000000d5580000,0x00000000d6a80000,0x00000000d6a80000)
  from space 512K, 81% used [0x00000000d6b80000,0x00000000d6be8000,0x00000000d6c00000)
  to   space 512K, 0% used [0x00000000d6b00000,0x00000000d6b00000,0x00000000d6b80000)
 ParOldGen       total 68608K, used 68135K [0x0000000080000000, 0x0000000084300000, 0x00000000d5580000)
  object space 68608K, 99% used [0x0000000080000000,0x0000000084289ec0,0x0000000084300000)
 Metaspace       used 55330K, committed 56768K, reserved 1114112K
  class space    used 5948K, committed 6592K, reserved 1048576K
}
Event: 46.611 GC heap after
{Heap after GC invocations=69 (full 2):
 PSYoungGen      total 22016K, used 512K [0x00000000d5580000, 0x00000000d6c80000, 0x0000000100000000)
  eden space 21504K, 0% used [0x00000000d5580000,0x00000000d5580000,0x00000000d6a80000)
  from space 512K, 100% used [0x00000000d6b00000,0x00000000d6b80000,0x00000000d6b80000)
  to   space 1024K, 0% used [0x00000000d6b80000,0x00000000d6b80000,0x00000000d6c80000)
 ParOldGen       total 68608K, used 68383K [0x0000000080000000, 0x0000000084300000, 0x00000000d5580000)
  object space 68608K, 99% used [0x0000000080000000,0x00000000842c7ec0,0x0000000084300000)
 Metaspace       used 55330K, committed 56768K, reserved 1114112K
  class space    used 5948K, committed 6592K, reserved 1048576K
}
Event: 47.306 GC heap before
{Heap before GC invocations=70 (full 2):
 PSYoungGen      total 22016K, used 22016K [0x00000000d5580000, 0x00000000d6c80000, 0x0000000100000000)
  eden space 21504K, 100% used [0x00000000d5580000,0x00000000d6a80000,0x00000000d6a80000)
  from space 512K, 100% used [0x00000000d6b00000,0x00000000d6b80000,0x00000000d6b80000)
  to   space 1024K, 0% used [0x00000000d6b80000,0x00000000d6b80000,0x00000000d6c80000)
 ParOldGen       total 68608K, used 68383K [0x0000000080000000, 0x0000000084300000, 0x00000000d5580000)
  object space 68608K, 99% used [0x0000000080000000,0x00000000842c7ec0,0x0000000084300000)
 Metaspace       used 56340K, committed 57792K, reserved 1114112K
  class space    used 6040K, committed 6720K, reserved 1048576K
}
Event: 47.311 GC heap after
{Heap after GC invocations=70 (full 2):
 PSYoungGen      total 22016K, used 992K [0x00000000d5580000, 0x00000000d6d80000, 0x0000000100000000)
  eden space 20992K, 0% used [0x00000000d5580000,0x00000000d5580000,0x00000000d6a00000)
  from space 1024K, 96% used [0x00000000d6b80000,0x00000000d6c78000,0x00000000d6c80000)
  to   space 1536K, 0% used [0x00000000d6a00000,0x00000000d6a00000,0x00000000d6b80000)
 ParOldGen       total 70144K, used 69487K [0x0000000080000000, 0x0000000084480000, 0x00000000d5580000)
  object space 70144K, 99% used [0x0000000080000000,0x00000000843dbec0,0x0000000084480000)
 Metaspace       used 56340K, committed 57792K, reserved 1114112K
  class space    used 6040K, committed 6720K, reserved 1048576K
}
Event: 49.586 GC heap before
{Heap before GC invocations=71 (full 2):
 PSYoungGen      total 22016K, used 21952K [0x00000000d5580000, 0x00000000d6d80000, 0x0000000100000000)
  eden space 20992K, 99% used [0x00000000d5580000,0x00000000d69f83d8,0x00000000d6a00000)
  from space 1024K, 96% used [0x00000000d6b80000,0x00000000d6c78000,0x00000000d6c80000)
  to   space 1536K, 0% used [0x00000000d6a00000,0x00000000d6a00000,0x00000000d6b80000)
 ParOldGen       total 70144K, used 69487K [0x0000000080000000, 0x0000000084480000, 0x00000000d5580000)
  object space 70144K, 99% used [0x0000000080000000,0x00000000843dbec0,0x0000000084480000)
 Metaspace       used 57548K, committed 59008K, reserved 1114112K
  class space    used 6169K, committed 6784K, reserved 1048576K
}
Event: 49.590 GC heap after
{Heap after GC invocations=71 (full 2):
 PSYoungGen      total 22528K, used 1509K [0x00000000d5580000, 0x00000000d7000000, 0x0000000100000000)
  eden space 20992K, 0% used [0x00000000d5580000,0x00000000d5580000,0x00000000d6a00000)
  from space 1536K, 98% used [0x00000000d6a00000,0x00000000d6b794b8,0x00000000d6b80000)
  to   space 3072K, 0% used [0x00000000d6d00000,0x00000000d6d00000,0x00000000d7000000)
 ParOldGen       total 70656K, used 70462K [0x0000000080000000, 0x0000000084500000, 0x00000000d5580000)
  object space 70656K, 99% used [0x0000000080000000,0x00000000844cfa48,0x0000000084500000)
 Metaspace       used 57548K, committed 59008K, reserved 1114112K
  class space    used 6169K, committed 6784K, reserved 1048576K
}
Event: 49.807 GC heap before
{Heap before GC invocations=72 (full 2):
 PSYoungGen      total 22528K, used 22501K [0x00000000d5580000, 0x00000000d7000000, 0x0000000100000000)
  eden space 20992K, 100% used [0x00000000d5580000,0x00000000d6a00000,0x00000000d6a00000)
  from space 1536K, 98% used [0x00000000d6a00000,0x00000000d6b794b8,0x00000000d6b80000)
  to   space 3072K, 0% used [0x00000000d6d00000,0x00000000d6d00000,0x00000000d7000000)
 ParOldGen       total 70656K, used 70462K [0x0000000080000000, 0x0000000084500000, 0x00000000d5580000)
  object space 70656K, 99% used [0x0000000080000000,0x00000000844cfa48,0x0000000084500000)
 Metaspace       used 57645K, committed 59136K, reserved 1114112K
  class space    used 6179K, committed 6848K, reserved 1048576K
}
Event: 49.811 GC heap after
{Heap after GC invocations=72 (full 2):
 PSYoungGen      total 22016K, used 1021K [0x00000000d5580000, 0x00000000d6e00000, 0x0000000100000000)
  eden space 20992K, 0% used [0x00000000d5580000,0x00000000d5580000,0x00000000d6a00000)
  from space 1024K, 99% used [0x00000000d6d00000,0x00000000d6dff4a8,0x00000000d6e00000)
  to   space 2048K, 0% used [0x00000000d6a00000,0x00000000d6a00000,0x00000000d6c00000)
 ParOldGen       total 71680K, used 71631K [0x0000000080000000, 0x0000000084600000, 0x00000000d5580000)
  object space 71680K, 99% used [0x0000000080000000,0x00000000845f3ed0,0x0000000084600000)
 Metaspace       used 57645K, committed 59136K, reserved 1114112K
  class space    used 6179K, committed 6848K, reserved 1048576K
}
Event: 50.471 GC heap before
{Heap before GC invocations=73 (full 2):
 PSYoungGen      total 22016K, used 21092K [0x00000000d5580000, 0x00000000d6e00000, 0x0000000100000000)
  eden space 20992K, 95% used [0x00000000d5580000,0x00000000d6919ca8,0x00000000d6a00000)
  from space 1024K, 99% used [0x00000000d6d00000,0x00000000d6dff4a8,0x00000000d6e00000)
  to   space 2048K, 0% used [0x00000000d6a00000,0x00000000d6a00000,0x00000000d6c00000)
 ParOldGen       total 71680K, used 71631K [0x0000000080000000, 0x0000000084600000, 0x00000000d5580000)
  object space 71680K, 99% used [0x0000000080000000,0x00000000845f3ed0,0x0000000084600000)
 Metaspace       used 58293K, committed 59776K, reserved 1114112K
  class space    used 6226K, committed 6912K, reserved 1048576K
}
Event: 50.477 GC heap after
{Heap after GC invocations=73 (full 2):
 PSYoungGen      total 23040K, used 734K [0x00000000d5580000, 0x00000000d6d80000, 0x0000000100000000)
  eden space 20992K, 0% used [0x00000000d5580000,0x00000000d5580000,0x00000000d6a00000)
  from space 2048K, 35% used [0x00000000d6a00000,0x00000000d6ab7988,0x00000000d6c00000)
  to   space 1024K, 0% used [0x00000000d6c80000,0x00000000d6c80000,0x00000000d6d80000)
 ParOldGen       total 72192K, used 71720K [0x0000000080000000, 0x0000000084680000, 0x00000000d5580000)
  object space 72192K, 99% used [0x0000000080000000,0x000000008460a340,0x0000000084680000)
 Metaspace       used 58293K, committed 59776K, reserved 1114112K
  class space    used 6226K, committed 6912K, reserved 1048576K
}
Event: 50.537 GC heap before
{Heap before GC invocations=74 (full 2):
 PSYoungGen      total 23040K, used 2756K [0x00000000d5580000, 0x00000000d6d80000, 0x0000000100000000)
  eden space 20992K, 9% used [0x00000000d5580000,0x00000000d57798f0,0x00000000d6a00000)
  from space 2048K, 35% used [0x00000000d6a00000,0x00000000d6ab7988,0x00000000d6c00000)
  to   space 1024K, 0% used [0x00000000d6c80000,0x00000000d6c80000,0x00000000d6d80000)
 ParOldGen       total 72192K, used 71720K [0x0000000080000000, 0x0000000084680000, 0x00000000d5580000)
  object space 72192K, 99% used [0x0000000080000000,0x000000008460a340,0x0000000084680000)
 Metaspace       used 58310K, committed 59776K, reserved 1114112K
  class space    used 6226K, committed 6912K, reserved 1048576K
}
Event: 50.542 GC heap after
{Heap after GC invocations=74 (full 2):
 PSYoungGen      total 21504K, used 320K [0x00000000d5580000, 0x00000000d6d00000, 0x0000000100000000)
  eden space 20992K, 0% used [0x00000000d5580000,0x00000000d5580000,0x00000000d6a00000)
  from space 512K, 62% used [0x00000000d6c80000,0x00000000d6cd0000,0x00000000d6d00000)
  to   space 512K, 0% used [0x00000000d6c00000,0x00000000d6c00000,0x00000000d6c80000)
 ParOldGen       total 76800K, used 76310K [0x0000000080000000, 0x0000000084b00000, 0x00000000d5580000)
  object space 76800K, 99% used [0x0000000080000000,0x0000000084a85b20,0x0000000084b00000)
 Metaspace       used 58310K, committed 59776K, reserved 1114112K
  class space    used 6226K, committed 6912K, reserved 1048576K
}
Event: 50.542 GC heap before
{Heap before GC invocations=75 (full 3):
 PSYoungGen      total 21504K, used 320K [0x00000000d5580000, 0x00000000d6d00000, 0x0000000100000000)
  eden space 20992K, 0% used [0x00000000d5580000,0x00000000d5580000,0x00000000d6a00000)
  from space 512K, 62% used [0x00000000d6c80000,0x00000000d6cd0000,0x00000000d6d00000)
  to   space 512K, 0% used [0x00000000d6c00000,0x00000000d6c00000,0x00000000d6c80000)
 ParOldGen       total 76800K, used 76310K [0x0000000080000000, 0x0000000084b00000, 0x00000000d5580000)
  object space 76800K, 99% used [0x0000000080000000,0x0000000084a85b20,0x0000000084b00000)
 Metaspace       used 58310K, committed 59776K, reserved 1114112K
  class space    used 6226K, committed 6912K, reserved 1048576K
}
Event: 51.088 GC heap after
{Heap after GC invocations=75 (full 3):
 PSYoungGen      total 21504K, used 0K [0x00000000d5580000, 0x00000000d6d00000, 0x0000000100000000)
  eden space 20992K, 0% used [0x00000000d5580000,0x00000000d5580000,0x00000000d6a00000)
  from space 512K, 0% used [0x00000000d6c80000,0x00000000d6c80000,0x00000000d6d00000)
  to   space 512K, 0% used [0x00000000d6c00000,0x00000000d6c00000,0x00000000d6c80000)
 ParOldGen       total 76800K, used 58943K [0x0000000080000000, 0x0000000084b00000, 0x00000000d5580000)
  object space 76800K, 76% used [0x0000000080000000,0x000000008398fc10,0x0000000084b00000)
 Metaspace       used 58300K, committed 59776K, reserved 1114112K
  class space    used 6223K, committed 6912K, reserved 1048576K
}
Event: 52.747 GC heap before
{Heap before GC invocations=76 (full 3):
 PSYoungGen      total 21504K, used 19201K [0x00000000d5580000, 0x00000000d6d00000, 0x0000000100000000)
  eden space 20992K, 91% used [0x00000000d5580000,0x00000000d6840428,0x00000000d6a00000)
  from space 512K, 0% used [0x00000000d6c80000,0x00000000d6c80000,0x00000000d6d00000)
  to   space 512K, 0% used [0x00000000d6c00000,0x00000000d6c00000,0x00000000d6c80000)
 ParOldGen       total 76800K, used 58943K [0x0000000080000000, 0x0000000084b00000, 0x00000000d5580000)
  object space 76800K, 76% used [0x0000000080000000,0x000000008398fc10,0x0000000084b00000)
 Metaspace       used 59502K, committed 60992K, reserved 1114112K
  class space    used 6350K, committed 6976K, reserved 1048576K
}

